Arguments: 
  /usr/local/bin/node /Users/igorsamarcev/.yarn/bin/yarn.js add js-cookie

PATH: 
  /Users/igorsamarcev/.yarn/bin:/Users/igorsamarcev/.config/yarn/global/node_modules/.bin:/usr/local/bin:/usr/bin:/bin:/usr/sbin:/sbin

Yarn version: 
  1.22.5

Node version: 
  12.18.2

Platform: 
  darwin x64

Trace: 
  Error: https://registry.yarnpkg.com/js-cookie: ETIMEDOUT
      at Timeout._onTimeout (/Users/igorsamarcev/.yarn/lib/cli.js:141409:19)
      at listOnTimeout (internal/timers.js:549:17)
      at processTimers (internal/timers.js:492:7)

npm manifest: 
  No manifest

yarn manifest: 
  No manifest

Lockfile: 
  # THIS IS AN AUTOGENERATED FILE. DO NOT EDIT THIS FILE DIRECTLY.
  # yarn lockfile v1
